TN:
SF:/Users/loschcode/Desktop/work/projects/digpanda/partners/src/components/ConnectRouting.vue
FN:21,(anonymous_0)
FN:34,(anonymous_1)
FN:44,(anonymous_2)
FNF:3
FNH:0
FNDA:0,(anonymous_0)
FNDA:0,(anonymous_1)
FNDA:0,(anonymous_2)
DA:12,1
DA:21,1
DA:22,0
DA:23,0
DA:24,0
DA:26,0
DA:34,1
DA:35,0
DA:36,0
DA:44,1
DA:45,0
DA:48,1
DA:53,1
DA:59,1
LF:14
LH:7
BRDA:22,0,0,0
BRDA:22,0,1,0
BRDA:35,1,0,0
BRDA:35,1,1,0
BRF:4
BRH:0
end_of_record
TN:
SF:/Users/loschcode/Desktop/work/projects/digpanda/partners/src/misc/EventBus.js
FNF:0
FNH:0
LF:0
LH:0
BRF:0
BRH:0
end_of_record
TN:
SF:/Users/loschcode/Desktop/work/projects/digpanda/partners/src/App.vue
FNF:0
FNH:0
DA:45,0
DA:68,0
LF:2
LH:0
BRF:0
BRH:0
end_of_record
TN:
SF:/Users/loschcode/Desktop/work/projects/digpanda/partners/src/components/LeftMenu.vue
FNF:0
FNH:0
DA:65,0
LF:1
LH:0
BRF:0
BRH:0
end_of_record
TN:
SF:/Users/loschcode/Desktop/work/projects/digpanda/partners/src/components/BrandsRates.vue
FNF:0
FNH:0
DA:15,0
DA:24,0
DA:29,0
LF:3
LH:0
BRF:0
BRH:0
end_of_record
TN:
SF:/Users/loschcode/Desktop/work/projects/digpanda/partners/src/components/ChildrenInsight.vue
FNF:0
FNH:0
DA:18,0
DA:28,0
DA:33,0
LF:3
LH:0
BRF:0
BRH:0
end_of_record
TN:
SF:/Users/loschcode/Desktop/work/projects/digpanda/partners/src/components/GroupInsight.vue
FNF:0
FNH:0
DA:20,0
DA:32,0
DA:37,0
LF:3
LH:0
BRF:0
BRH:0
end_of_record
TN:
SF:/Users/loschcode/Desktop/work/projects/digpanda/partners/src/components/Index.vue
FNF:0
FNH:0
DA:61,0
DA:70,0
DA:73,0
DA:76,0
LF:4
LH:0
BRF:0
BRH:0
end_of_record
TN:
SF:/Users/loschcode/Desktop/work/projects/digpanda/partners/src/router/index.js
FNF:0
FNH:0
DA:8,1
LF:1
LH:1
BRF:0
BRH:0
end_of_record
TN:
SF:/Users/loschcode/Desktop/work/projects/digpanda/partners/src/components/Insight.vue
FNF:0
FNH:0
DA:22,0
LF:1
LH:0
BRF:0
BRH:0
end_of_record
TN:
SF:/Users/loschcode/Desktop/work/projects/digpanda/partners/src/components/ProvisionRates.vue
FNF:0
FNH:0
DA:22,0
LF:1
LH:0
BRF:0
BRH:0
end_of_record
TN:
SF:/Users/loschcode/Desktop/work/projects/digpanda/partners/src/components/ServicesRates.vue
FNF:0
FNH:0
DA:15,0
DA:24,0
DA:29,0
LF:3
LH:0
BRF:0
BRH:0
end_of_record
TN:
SF:/Users/loschcode/Desktop/work/projects/digpanda/partners/src/components/Share.vue
FNF:0
FNH:0
DA:17,0
DA:21,0
DA:26,0
LF:3
LH:0
BRF:0
BRH:0
end_of_record
TN:
SF:/Users/loschcode/Desktop/work/projects/digpanda/partners/src/store/index.js
FNF:0
FNH:0
DA:7,1
LF:1
LH:1
BRF:0
BRH:0
end_of_record
TN:
SF:/Users/loschcode/Desktop/work/projects/digpanda/partners/src/store/modules/users.js
FN:19,(anonymous_0)
FN:20,(anonymous_1)
FNF:2
FNH:0
FNDA:0,(anonymous_0)
FNDA:0,(anonymous_1)
DA:6,1
DA:17,1
DA:19,0
DA:20,0
DA:24,1
DA:26,0
DA:27,0
DA:28,0
DA:29,0
DA:30,0
DA:31,0
DA:32,0
DA:35,0
DA:41,1
DA:43,0
DA:53,0
LF:16
LH:4
BRF:0
BRH:0
end_of_record
TN:
SF:/Users/loschcode/Desktop/work/projects/digpanda/partners/src/store/modules/referrers.js
FN:20,(anonymous_0)
FN:21,(anonymous_1)
FN:22,(anonymous_2)
FN:23,(anonymous_3)
FN:24,(anonymous_4)
FNF:5
FNH:0
FNDA:0,(anonymous_0)
FNDA:0,(anonymous_1)
FNDA:0,(anonymous_2)
FNDA:0,(anonymous_3)
FNDA:0,(anonymous_4)
DA:6,1
DA:18,1
DA:20,0
DA:21,0
DA:22,0
DA:23,0
DA:24,0
DA:28,1
DA:30,0
DA:31,0
DA:32,0
DA:33,0
DA:35,0
DA:39,0
DA:40,0
DA:41,0
DA:42,0
DA:44,0
DA:49,0
DA:50,0
DA:51,0
DA:52,0
DA:54,0
DA:59,0
DA:60,0
DA:61,0
DA:62,0
DA:64,0
DA:69,0
DA:70,0
DA:71,0
DA:72,0
DA:74,0
DA:80,1
DA:82,0
DA:85,0
DA:89,0
DA:93,0
DA:97,0
LF:39
LH:4
BRF:0
BRH:0
end_of_record
